<?xml version="1.0" encoding="UTF-8"?>
<testng-results skipped="0" failed="0" total="1" passed="1">
  <reporter-output>
  </reporter-output>
  <suite name="Default suite" duration-ms="45357" started-at="2016-06-05T16:12:00Z" finished-at="2016-06-05T16:12:46Z">
    <groups>
    </groups>
    <test name="Default test" duration-ms="45357" started-at="2016-06-05T16:12:00Z" finished-at="2016-06-05T16:12:46Z">
      <class name="com.saphire.UI.CreateNewTaskLPage">
        <test-method status="PASS" signature="test1()[pri:0, instance:com.saphire.UI.CreateNewTaskLPage@cb5822]" name="test1" duration-ms="45334" started-at="2016-06-05T21:42:00Z" finished-at="2016-06-05T21:42:46Z">
          <reporter-output>
          </reporter-output>
        </test-method> <!-- test1 -->
      </class> <!-- com.saphire.UI.CreateNewTaskLPage -->
    </test> <!-- Default test -->
  </suite> <!-- Default suite -->
</testng-results>
